<?xml version="1.0" encoding="UTF-8"?>
<testng-results skipped="0" failed="0" ignored="0" total="5" passed="5">
  <reporter-output>
  </reporter-output>
  <suite name="Default suite" duration-ms="1912" started-at="2019-06-27T10:51:16Z" finished-at="2019-06-27T10:51:18Z">
    <groups>
    </groups>
    <test name="Default test" duration-ms="1912" started-at="2019-06-27T10:51:16Z" finished-at="2019-06-27T10:51:18Z">
      <class name="com.qa.test.CancelOrder">
        <test-method status="PASS" signature="Setup()[pri:0, instance:com.qa.test.CancelOrder@42e26948]" name="Setup" is-config="true" duration-ms="9" started-at="2019-06-27T10:51:16Z" finished-at="2019-06-27T10:51:16Z">
          <reporter-output>
          </reporter-output>
        </test-method> <!-- Setup -->
        <test-method status="PASS" signature="POSTAPIWithHeaders()[pri:1, instance:com.qa.test.CancelOrder@42e26948]" name="POSTAPIWithHeaders" duration-ms="1814" started-at="2019-06-27T10:51:16Z" finished-at="2019-06-27T10:51:18Z">
          <exception class="com.fasterxml.jackson.databind.exc.UnrecognizedPropertyException">
            <message>
              <![CDATA[Unrecognized field "id" (class com.qa.data.Placeorder), not marked as ignorable (one known property: "stops"])
 at [Source: {"id":68,"drivingDistancesInMeters":[10600,3081],"fare":{"amount":"312.02","currency":"HKD"}}
; line: 1, column: 9] (through reference chain: com.qa.data.Placeorder["id"])]]>
            </message>
            <full-stacktrace>
              <![CDATA[com.fasterxml.jackson.databind.exc.UnrecognizedPropertyException: Unrecognized field "id" (class com.qa.data.Placeorder), not marked as ignorable (one known property: "stops"])
 at [Source: {"id":68,"drivingDistancesInMeters":[10600,3081],"fare":{"amount":"312.02","currency":"HKD"}}
; line: 1, column: 9] (through reference chain: com.qa.data.Placeorder["id"])
at com.fasterxml.jackson.databind.exc.UnrecognizedPropertyException.from(UnrecognizedPropertyException.java:51)
at com.fasterxml.jackson.databind.DeserializationContext.reportUnknownProperty(DeserializationContext.java:839)
at com.fasterxml.jackson.databind.deser.std.StdDeserializer.handleUnknownProperty(StdDeserializer.java:1045)
at com.fasterxml.jackson.databind.deser.BeanDeserializerBase.handleUnknownProperty(BeanDeserializerBase.java:1352)
at com.fasterxml.jackson.databind.deser.BeanDeserializerBase.handleUnknownVanilla(BeanDeserializerBase.java:1330)
at com.fasterxml.jackson.databind.deser.BeanDeserializer.vanillaDeserialize(BeanDeserializer.java:264)
at com.fasterxml.jackson.databind.deser.BeanDeserializer.deserialize(BeanDeserializer.java:125)
at com.fasterxml.jackson.databind.ObjectMapper._readMapAndClose(ObjectMapper.java:3736)
at com.fasterxml.jackson.databind.ObjectMapper.readValue(ObjectMapper.java:2726)
at com.qa.test.CancelOrder.POSTAPIWithHeaders(CancelOrder.java:108)
at sun.reflect.NativeMethodAccessorImpl.invoke0(Native Method)
at sun.reflect.NativeMethodAccessorImpl.invoke(Unknown Source)
at sun.reflect.DelegatingMethodAccessorImpl.invoke(Unknown Source)
at java.lang.reflect.Method.invoke(Unknown Source)
at org.testng.internal.MethodInvocationHelper.invokeMethod(MethodInvocationHelper.java:124)
at org.testng.internal.Invoker.invokeMethod(Invoker.java:583)
at org.testng.internal.Invoker.invokeTestMethod(Invoker.java:719)
at org.testng.internal.Invoker.invokeTestMethods(Invoker.java:989)
at org.testng.internal.TestMethodWorker.invokeTestMethods(TestMethodWorker.java:125)
at org.testng.internal.TestMethodWorker.run(TestMethodWorker.java:109)
at org.testng.TestRunner.privateRun(TestRunner.java:648)
at org.testng.TestRunner.run(TestRunner.java:505)
at org.testng.SuiteRunner.runTest(SuiteRunner.java:455)
at org.testng.SuiteRunner.runSequentially(SuiteRunner.java:450)
at org.testng.SuiteRunner.privateRun(SuiteRunner.java:415)
at org.testng.SuiteRunner.run(SuiteRunner.java:364)
at org.testng.SuiteRunnerWorker.runSuite(SuiteRunnerWorker.java:52)
at org.testng.SuiteRunnerWorker.run(SuiteRunnerWorker.java:84)
at org.testng.TestNG.runSuitesSequentially(TestNG.java:1208)
at org.testng.TestNG.runSuitesLocally(TestNG.java:1137)
at org.testng.TestNG.runSuites(TestNG.java:1049)
at org.testng.TestNG.run(TestNG.java:1017)
at org.testng.remote.AbstractRemoteTestNG.run(AbstractRemoteTestNG.java:115)
at org.testng.remote.RemoteTestNG.initAndRun(RemoteTestNG.java:251)
at org.testng.remote.RemoteTestNG.main(RemoteTestNG.java:77)
]]>
            </full-stacktrace>
          </exception> <!-- com.fasterxml.jackson.databind.exc.UnrecognizedPropertyException -->
          <reporter-output>
          </reporter-output>
        </test-method> <!-- POSTAPIWithHeaders -->
        <test-method status="PASS" signature="GetAPIWithHeaders()[pri:2, instance:com.qa.test.CancelOrder@42e26948]" name="GetAPIWithHeaders" duration-ms="12" started-at="2019-06-27T10:51:18Z" finished-at="2019-06-27T10:51:18Z">
          <reporter-output>
          </reporter-output>
        </test-method> <!-- GetAPIWithHeaders -->
        <test-method status="PASS" signature="TAKEORDER()[pri:3, instance:com.qa.test.CancelOrder@42e26948]" name="TAKEORDER" duration-ms="18" started-at="2019-06-27T10:51:18Z" finished-at="2019-06-27T10:51:18Z">
          <reporter-output>
          </reporter-output>
        </test-method> <!-- TAKEORDER -->
        <test-method status="PASS" signature="Complete_Order()[pri:4, instance:com.qa.test.CancelOrder@42e26948]" name="Complete_Order" duration-ms="19" started-at="2019-06-27T10:51:18Z" finished-at="2019-06-27T10:51:18Z">
          <reporter-output>
          </reporter-output>
        </test-method> <!-- Complete_Order -->
        <test-method status="PASS" signature="Cancel_ORDER()[pri:5, instance:com.qa.test.CancelOrder@42e26948]" name="Cancel_ORDER" duration-ms="7" started-at="2019-06-27T10:51:18Z" finished-at="2019-06-27T10:51:18Z">
          <exception class="org.json.JSONException">
            <message>
              <![CDATA[JSONObject["status"] not found.]]>
            </message>
            <full-stacktrace>
              <![CDATA[org.json.JSONException: JSONObject["status"] not found.
at org.json.JSONObject.get(JSONObject.java:566)
at com.qa.util.TestUtil.getValueByJPath(TestUtil.java:13)
at com.qa.test.CancelOrder.Cancel_ORDER(CancelOrder.java:313)
at sun.reflect.NativeMethodAccessorImpl.invoke0(Native Method)
at sun.reflect.NativeMethodAccessorImpl.invoke(Unknown Source)
at sun.reflect.DelegatingMethodAccessorImpl.invoke(Unknown Source)
at java.lang.reflect.Method.invoke(Unknown Source)
at org.testng.internal.MethodInvocationHelper.invokeMethod(MethodInvocationHelper.java:124)
at org.testng.internal.Invoker.invokeMethod(Invoker.java:583)
at org.testng.internal.Invoker.invokeTestMethod(Invoker.java:719)
at org.testng.internal.Invoker.invokeTestMethods(Invoker.java:989)
at org.testng.internal.TestMethodWorker.invokeTestMethods(TestMethodWorker.java:125)
at org.testng.internal.TestMethodWorker.run(TestMethodWorker.java:109)
at org.testng.TestRunner.privateRun(TestRunner.java:648)
at org.testng.TestRunner.run(TestRunner.java:505)
at org.testng.SuiteRunner.runTest(SuiteRunner.java:455)
at org.testng.SuiteRunner.runSequentially(SuiteRunner.java:450)
at org.testng.SuiteRunner.privateRun(SuiteRunner.java:415)
at org.testng.SuiteRunner.run(SuiteRunner.java:364)
at org.testng.SuiteRunnerWorker.runSuite(SuiteRunnerWorker.java:52)
at org.testng.SuiteRunnerWorker.run(SuiteRunnerWorker.java:84)
at org.testng.TestNG.runSuitesSequentially(TestNG.java:1208)
at org.testng.TestNG.runSuitesLocally(TestNG.java:1137)
at org.testng.TestNG.runSuites(TestNG.java:1049)
at org.testng.TestNG.run(TestNG.java:1017)
at org.testng.remote.AbstractRemoteTestNG.run(AbstractRemoteTestNG.java:115)
at org.testng.remote.RemoteTestNG.initAndRun(RemoteTestNG.java:251)
at org.testng.remote.RemoteTestNG.main(RemoteTestNG.java:77)
]]>
            </full-stacktrace>
          </exception> <!-- org.json.JSONException -->
          <reporter-output>
          </reporter-output>
        </test-method> <!-- Cancel_ORDER -->
      </class> <!-- com.qa.test.CancelOrder -->
    </test> <!-- Default test -->
  </suite> <!-- Default suite -->
</testng-results>
